<?xml version="1.0" encoding="UTF-8"?>
<testsuites>
  <testsuite id="0" hostname="http://127.0.0.1" package="" name="Admin - Unauthenticated student list returns 401" tests="1" failures="0" errors="0" timestamp="2026-05-09T15:38:17.544" time="0.089">
    <properties>
      <property name="INTEGRATION_BASE_URL" value="http://127.0.0.1:8001"/>
      <property name="admin_user" value="admin"/>
      <property name="admin_pass" value="123456"/>
      <property name="teacher_user" value="T001"/>
      <property name="teacher_pass" value="123456"/>
      <property name="student_user" value="S001"/>
      <property name="student_pass" value="123456"/>
    </properties>
    <testcase classname=" / Admin - Unauthenticated student list returns 401" name="unauthenticated returns 401" time="0.089"/>
  </testsuite>
  <testsuite id="1" hostname="http://127.0.0.1" package="" name="Auth / Login - Wrong Password" tests="2" failures="0" errors="0" timestamp="2026-05-09T15:38:17.633" time="0.075">
    <properties>
      <property name="INTEGRATION_BASE_URL" value="http://127.0.0.1:8001"/>
      <property name="admin_user" value="admin"/>
      <property name="admin_pass" value="123456"/>
      <property name="teacher_user" value="T001"/>
      <property name="teacher_pass" value="123456"/>
      <property name="student_user" value="S001"/>
      <property name="student_pass" value="123456"/>
    </properties>
    <testcase classname=" / Auth / Login - Wrong Password" name="wrong password returns 200" time="0.037"/>
    <testcase classname=" / Auth / Login - Wrong Password" name="wrong password response has error status" time="0.037"/>
  </testsuite>
  <testsuite id="2" hostname="http://127.0.0.1" package="" name="Auth / Login - Admin (session cookie)" tests="2" failures="0" errors="0" timestamp="2026-05-09T15:38:17.708" time="0.086">
    <properties>
      <property name="INTEGRATION_BASE_URL" value="http://127.0.0.1:8001"/>
      <property name="admin_user" value="admin"/>
      <property name="admin_pass" value="123456"/>
      <property name="teacher_user" value="T001"/>
      <property name="teacher_pass" value="123456"/>
      <property name="student_user" value="S001"/>
      <property name="student_pass" value="123456"/>
    </properties>
    <testcase classname=" / Auth / Login - Admin (session cookie)" name="login returns 200" time="0.043"/>
    <testcase classname=" / Auth / Login - Admin (session cookie)" name="login response is success" time="0.043"/>
  </testsuite>
  <testsuite id="3" hostname="http://127.0.0.1" package="" name="Admin - List Students (authenticated)" tests="1" failures="0" errors="0" timestamp="2026-05-09T15:38:17.794" time="0.028">
    <properties>
      <property name="INTEGRATION_BASE_URL" value="http://127.0.0.1:8001"/>
      <property name="admin_user" value="admin"/>
      <property name="admin_pass" value="123456"/>
      <property name="teacher_user" value="T001"/>
      <property name="teacher_pass" value="123456"/>
      <property name="student_user" value="S001"/>
      <property name="student_pass" value="123456"/>
    </properties>
    <testcase classname=" / Admin - List Students (authenticated)" name="authenticated list returns 200" time="0.028"/>
  </testsuite>
  <testsuite id="4" hostname="http://127.0.0.1" package="" name="Auth / Login - Teacher" tests="1" failures="0" errors="0" timestamp="2026-05-09T15:38:17.822" time="0.070">
    <properties>
      <property name="INTEGRATION_BASE_URL" value="http://127.0.0.1:8001"/>
      <property name="admin_user" value="admin"/>
      <property name="admin_pass" value="123456"/>
      <property name="teacher_user" value="T001"/>
      <property name="teacher_pass" value="123456"/>
      <property name="student_user" value="S001"/>
      <property name="student_pass" value="123456"/>
    </properties>
    <testcase classname=" / Auth / Login - Teacher" name="teacher login returns 200" time="0.070"/>
  </testsuite>
  <testsuite id="5" hostname="http://127.0.0.1" package="" name="Admin - Logout" tests="1" failures="0" errors="0" timestamp="2026-05-09T15:38:17.892" time="0.010">
    <properties>
      <property name="INTEGRATION_BASE_URL" value="http://127.0.0.1:8001"/>
      <property name="admin_user" value="admin"/>
      <property name="admin_pass" value="123456"/>
      <property name="teacher_user" value="T001"/>
      <property name="teacher_pass" value="123456"/>
      <property name="student_user" value="S001"/>
      <property name="student_pass" value="123456"/>
    </properties>
    <testcase classname=" / Admin - Logout" name="logout returns 200 or 302" time="0.010"/>
  </testsuite>
</testsuites>